<?xml version="1.0" encoding="UTF-8" ?>
<testsuite tests="1" failures="0" name="MessageBizTest" time="0" errors="0" skipped="1">
  <properties>
[...]
</properties>
  <testcase classname="MessageBizTest" name="testGetAccount" time="0">
    <skipped/>
    <system-out>22:06:50.913 [main] DEBUG o.s.t.c.j.SpringJUnit4ClassRunner - SpringJUnit4ClassRunner constructor called with [class MessageBizTest].
22:06:50.914 [main] DEBUG o.s.test.context.BootstrapUtils - Instantiating TestContextBootstrapper from class [org.springframework.test.context.support.DefaultTestContextBootstrapper]
22:06:50.916 [main] DEBUG o.s.t.c.s.AbstractDelegatingSmartContextLoader - Delegating to GenericXmlContextLoader to process context configuration [ContextConfigurationAttributes@305fd85d declaringClass = &apos;MessageBizTest&apos;, classes = &apos;{}&apos;, locations = &apos;{classpath:spring.xml}&apos;, inheritLocations = true, initializers = &apos;{}&apos;, inheritInitializers = true, name = [null], contextLoaderClass = &apos;org.springframework.test.context.ContextLoader&apos;].
22:06:50.916 [main] DEBUG o.s.t.c.support.ActiveProfilesUtils - Could not find an &apos;annotation declaring class&apos; for annotation type [org.springframework.test.context.ActiveProfiles] and class [MessageBizTest]
22:06:50.917 [main] DEBUG o.s.t.c.s.DefaultTestContextBootstrapper - @TestExecutionListeners is not present for class [MessageBizTest]: using defaults.
22:06:50.919 [main] INFO  o.s.t.c.s.DefaultTestContextBootstrapper - Loaded default TestExecutionListener class names from location [META-INF/spring.factories]: [org.springframework.test.context.web.ServletTestExecutionListener, org.springframework.test.context.support.DependencyInjectionTestExecutionListener, org.springframework.test.context.support.DirtiesContextTestExecutionListener, org.springframework.test.context.transaction.TransactionalTestExecutionListener, org.springframework.test.context.jdbc.SqlScriptsTestExecutionListener]
22:06:50.920 [main] INFO  o.s.t.c.s.DefaultTestContextBootstrapper - Using TestExecutionListeners: [org.springframework.test.context.web.ServletTestExecutionListener@ea1a8d5, org.springframework.test.context.support.DependencyInjectionTestExecutionListener@1563da5, org.springframework.test.context.support.DirtiesContextTestExecutionListener@2bbf4b8b, org.springframework.test.context.transaction.TransactionalTestExecutionListener@30a3107a, org.springframework.test.context.jdbc.SqlScriptsTestExecutionListener@33c7e1bb]
22:06:50.920 [main] DEBUG o.s.t.annotation.ProfileValueUtils - Retrieved @ProfileValueSourceConfiguration [null] for test class [MessageBizTest]
22:06:50.921 [main] DEBUG o.s.t.annotation.ProfileValueUtils - Retrieved ProfileValueSource type [class org.springframework.test.annotation.SystemProfileValueSource] for class [MessageBizTest]
22:06:50.921 [main] DEBUG o.s.t.annotation.ProfileValueUtils - Retrieved @ProfileValueSourceConfiguration [null] for test class [MessageBizTest]
22:06:50.921 [main] DEBUG o.s.t.annotation.ProfileValueUtils - Retrieved ProfileValueSource type [class org.springframework.test.annotation.SystemProfileValueSource] for class [MessageBizTest]
</system-out>
  </testcase>
</testsuite>